<?xml version="1.0" encoding="UTF-8"?>
<!-- Generated by org.testng.reporters.JUnitReportReporter -->
<testsuite hostname="LAPTOP-6SLMM59S" failures="0" tests="4" name="TestNG_1.Class_name_Exp8" time="0.003" errors="0" timestamp="2023-02-28T15:29:25 IST" skipped="1">
  <testcase classname="TestNG_1.Class_name_Exp8" name="Click_on_Login" time="0.002"/>
  <system-out/>
  <testcase classname="TestNG_1.Class_name_Exp8" name="Send_Username" time="0.001"/>
  <system-out/>
  <testcase classname="TestNG_1.Class_name_Exp8" name="Send_Password" time="0.000"/>
  <system-out/>
  <testcase classname="TestNG_1.Class_name_Exp8" name="Senddata">
    <skipped/>
  </testcase> <!-- Senddata -->
  <system-out/>
</testsuite> <!-- TestNG_1.Class_name_Exp8 -->
