<?xml version="1.0" encoding="UTF-8"?>
<!-- Generated by org.testng.reporters.JUnitReportReporter -->
<testsuite hostname="LAPTOP-6SLMM59S" failures="0" tests="4" name="TestNG_1.Class_number_exp9" time="0.007" errors="0" timestamp="2023-02-28T15:29:25 IST" skipped="0">
  <testcase classname="TestNG_1.Class_number_exp9" name="Senddata" time="0.001"/>
  <system-out/>
  <testcase classname="TestNG_1.Class_number_exp9" name="Get_Text" time="0.003"/>
  <system-out/>
  <testcase classname="TestNG_1.Class_number_exp9" name="LaunchAut" time="0.002"/>
  <system-out/>
  <testcase classname="TestNG_1.Class_number_exp9" name="Click_on_Login" time="0.001"/>
  <system-out/>
</testsuite> <!-- TestNG_1.Class_number_exp9 -->
