<?xml version="1.0" encoding="UTF-8"?>
<!-- Generated by org.testng.reporters.JUnitReportReporter -->
<testsuite hostname="LAPTOP-6SLMM59S" failures="0" tests="4" name="TestNG_1.Class_name_Exp6" time="0.016" errors="0" timestamp="2023-02-28T15:29:25 IST" skipped="1">
  <testcase classname="TestNG_1.Class_name_Exp6" name="Get_Text" time="0.003"/>
  <system-out/>
  <testcase classname="TestNG_1.Class_name_Exp6" name="Send_Username" time="0.010"/>
  <system-out/>
  <testcase classname="TestNG_1.Class_name_Exp6" name="Send_Password" time="0.003"/>
  <system-out/>
  <testcase classname="TestNG_1.Class_name_Exp6" name="Senddata">
    <skipped/>
  </testcase> <!-- Senddata -->
  <system-out/>
</testsuite> <!-- TestNG_1.Class_name_Exp6 -->
