<?xml version="1.0" encoding="UTF-8"?>
<!-- Generated by org.testng.reporters.JUnitReportReporter -->
<testsuite hostname="LAPTOP-6SLMM59S" failures="0" tests="4" name="TestNG_1.Class_name_Exp4" time="0.032" errors="0" timestamp="2023-02-28T15:29:25 IST" skipped="0">
  <testcase classname="TestNG_1.Class_name_Exp4" name="Send_Password" time="0.007"/>
  <system-out/>
  <testcase classname="TestNG_1.Class_name_Exp4" name="Senddata" time="0.005"/>
  <system-out/>
  <testcase classname="TestNG_1.Class_name_Exp4" name="Get_Text" time="0.010"/>
  <system-out/>
  <testcase classname="TestNG_1.Class_name_Exp4" name="Send_Username" time="0.010"/>
  <system-out/>
</testsuite> <!-- TestNG_1.Class_name_Exp4 -->
