<?xml version="1.0" encoding="UTF-8"?>
<!-- Generated by org.testng.reporters.JUnitReportReporter -->
<testsuite hostname="LAPTOP-6SLMM59S" failures="0" tests="1" name="TestNG_1.Class_name_Exp10" time="0.001" errors="0" timestamp="2023-02-28T15:29:25 IST" skipped="0">
  <testcase classname="TestNG_1.Class_name_Exp10" name="LaunchAUT" time="0.001"/>
  <system-out/>
</testsuite> <!-- TestNG_1.Class_name_Exp10 -->
